<?xml version="1.0" encoding="UTF-8"?>
<testsuite xmlns:xsi="http://www.w3.org/2001/XMLSchema-instance" xsi:noNamespaceSchemaLocation="https://maven.apache.org/surefire/maven-surefire-plugin/xsd/surefire-test-report-3.0.xsd" version="3.0" name="TestSuite" time="177.136" tests="1" errors="0" skipped="0" failures="0">
  <properties>
    <property name="java.specification.version" value="16"/>
    <property name="webdriver.chrome.driver" value="/Users/u44992/.cache/selenium/chromedriver/mac64/105.0.5195.52/chromedriver"/>
    <property name="sun.jnu.encoding" value="UTF-8"/>
    <property name="java.class.path" value="/Users/u44992/IdeaProjects/NextonChallenge/NextonChallenge/target/test-classes:/Users/u44992/IdeaProjects/NextonChallenge/NextonChallenge/target/classes:/Users/u44992/.m2/repository/org/testng/testng/7.1.0/testng-7.1.0.jar:/Users/u44992/.m2/repository/com/beust/jcommander/1.72/jcommander-1.72.jar:/Users/u44992/.m2/repository/com/google/inject/guice/4.1.0/guice-4.1.0-no_aop.jar:/Users/u44992/.m2/repository/javax/inject/javax.inject/1/javax.inject-1.jar:/Users/u44992/.m2/repository/aopalliance/aopalliance/1.0/aopalliance-1.0.jar:/Users/u44992/.m2/repository/org/yaml/snakeyaml/1.21/snakeyaml-1.21.jar:/Users/u44992/.m2/repository/io/github/bonigarcia/webdrivermanager/5.0.3/webdrivermanager-5.0.3.jar:/Users/u44992/.m2/repository/org/slf4j/slf4j-api/1.7.32/slf4j-api-1.7.32.jar:/Users/u44992/.m2/repository/com/google/code/gson/gson/2.8.8/gson-2.8.8.jar:/Users/u44992/.m2/repository/org/jsoup/jsoup/1.14.2/jsoup-1.14.2.jar:/Users/u44992/.m2/repository/com/github/docker-java/docker-java/3.2.12/docker-java-3.2.12.jar:/Users/u44992/.m2/repository/com/github/docker-java/docker-java-core/3.2.12/docker-java-core-3.2.12.jar:/Users/u44992/.m2/repository/com/github/docker-java/docker-java-api/3.2.12/docker-java-api-3.2.12.jar:/Users/u44992/.m2/repository/commons-lang/commons-lang/2.6/commons-lang-2.6.jar:/Users/u44992/.m2/repository/org/bouncycastle/bcpkix-jdk15on/1.64/bcpkix-jdk15on-1.64.jar:/Users/u44992/.m2/repository/org/bouncycastle/bcprov-jdk15on/1.64/bcprov-jdk15on-1.64.jar:/Users/u44992/.m2/repository/org/slf4j/jcl-over-slf4j/1.7.30/jcl-over-slf4j-1.7.30.jar:/Users/u44992/.m2/repository/com/github/docker-java/docker-java-transport-httpclient5/3.2.12/docker-java-transport-httpclient5-3.2.12.jar:/Users/u44992/.m2/repository/com/github/docker-java/docker-java-transport/3.2.12/docker-java-transport-3.2.12.jar:/Users/u44992/.m2/repository/org/apache/httpcomponents/client5/httpclient5/5.0.3/httpclient5-5.0.3.jar:/Users/u44992/.m2/repository/org/apache/httpcomponents/core5/httpcore5/5.0.2/httpcore5-5.0.2.jar:/Users/u44992/.m2/repository/net/java/dev/jna/jna/5.8.0/jna-5.8.0.jar:/Users/u44992/.m2/repository/org/brotli/dec/0.1.2/dec-0.1.2.jar:/Users/u44992/.m2/repository/com/google/guava/guava/31.0.1-jre/guava-31.0.1-jre.jar:/Users/u44992/.m2/repository/com/google/guava/failureaccess/1.0.1/failureaccess-1.0.1.jar:/Users/u44992/.m2/repository/com/google/guava/listenablefuture/9999.0-empty-to-avoid-conflict-with-guava/listenablefuture-9999.0-empty-to-avoid-conflict-with-guava.jar:/Users/u44992/.m2/repository/com/google/code/findbugs/jsr305/3.0.2/jsr305-3.0.2.jar:/Users/u44992/.m2/repository/org/checkerframework/checker-qual/3.12.0/checker-qual-3.12.0.jar:/Users/u44992/.m2/repository/com/google/errorprone/error_prone_annotations/2.7.1/error_prone_annotations-2.7.1.jar:/Users/u44992/.m2/repository/com/google/j2objc/j2objc-annotations/1.3/j2objc-annotations-1.3.jar:/Users/u44992/.m2/repository/org/seleniumhq/selenium/selenium-java/4.4.0/selenium-java-4.4.0.jar:/Users/u44992/.m2/repository/org/seleniumhq/selenium/selenium-api/4.4.0/selenium-api-4.4.0.jar:/Users/u44992/.m2/repository/org/seleniumhq/selenium/selenium-chrome-driver/4.4.0/selenium-chrome-driver-4.4.0.jar:/Users/u44992/.m2/repository/com/google/auto/service/auto-service-annotations/1.0.1/auto-service-annotations-1.0.1.jar:/Users/u44992/.m2/repository/com/google/auto/service/auto-service/1.0.1/auto-service-1.0.1.jar:/Users/u44992/.m2/repository/com/google/auto/auto-common/1.2/auto-common-1.2.jar:/Users/u44992/.m2/repository/org/seleniumhq/selenium/selenium-chromium-driver/4.4.0/selenium-chromium-driver-4.4.0.jar:/Users/u44992/.m2/repository/org/seleniumhq/selenium/selenium-json/4.4.0/selenium-json-4.4.0.jar:/Users/u44992/.m2/repository/org/seleniumhq/selenium/selenium-devtools-v102/4.4.0/selenium-devtools-v102-4.4.0.jar:/Users/u44992/.m2/repository/org/seleniumhq/selenium/selenium-devtools-v103/4.4.0/selenium-devtools-v103-4.4.0.jar:/Users/u44992/.m2/repository/org/seleniumhq/selenium/selenium-devtools-v104/4.4.0/selenium-devtools-v104-4.4.0.jar:/Users/u44992/.m2/repository/org/seleniumhq/selenium/selenium-devtools-v85/4.4.0/selenium-devtools-v85-4.4.0.jar:/Users/u44992/.m2/repository/org/seleniumhq/selenium/selenium-edge-driver/4.4.0/selenium-edge-driver-4.4.0.jar:/Users/u44992/.m2/repository/org/seleniumhq/selenium/selenium-firefox-driver/4.4.0/selenium-firefox-driver-4.4.0.jar:/Users/u44992/.m2/repository/org/seleniumhq/selenium/selenium-ie-driver/4.4.0/selenium-ie-driver-4.4.0.jar:/Users/u44992/.m2/repository/org/seleniumhq/selenium/selenium-opera-driver/4.4.0/selenium-opera-driver-4.4.0.jar:/Users/u44992/.m2/repository/org/seleniumhq/selenium/selenium-remote-driver/4.4.0/selenium-remote-driver-4.4.0.jar:/Users/u44992/.m2/repository/io/netty/netty-buffer/4.1.78.Final/netty-buffer-4.1.78.Final.jar:/Users/u44992/.m2/repository/io/netty/netty-codec-http/4.1.78.Final/netty-codec-http-4.1.78.Final.jar:/Users/u44992/.m2/repository/io/netty/netty-codec/4.1.78.Final/netty-codec-4.1.78.Final.jar:/Users/u44992/.m2/repository/io/netty/netty-handler/4.1.78.Final/netty-handler-4.1.78.Final.jar:/Users/u44992/.m2/repository/io/netty/netty-common/4.1.78.Final/netty-common-4.1.78.Final.jar:/Users/u44992/.m2/repository/io/netty/netty-transport-classes-epoll/4.1.78.Final/netty-transport-classes-epoll-4.1.78.Final.jar:/Users/u44992/.m2/repository/io/netty/netty-transport-classes-kqueue/4.1.78.Final/netty-transport-classes-kqueue-4.1.78.Final.jar:/Users/u44992/.m2/repository/io/netty/netty-transport-native-epoll/4.1.78.Final/netty-transport-native-epoll-4.1.78.Final.jar:/Users/u44992/.m2/repository/io/netty/netty-transport-native-kqueue/4.1.78.Final/netty-transport-native-kqueue-4.1.78.Final.jar:/Users/u44992/.m2/repository/io/netty/netty-transport-native-unix-common/4.1.78.Final/netty-transport-native-unix-common-4.1.78.Final.jar:/Users/u44992/.m2/repository/io/netty/netty-transport/4.1.78.Final/netty-transport-4.1.78.Final.jar:/Users/u44992/.m2/repository/io/netty/netty-resolver/4.1.78.Final/netty-resolver-4.1.78.Final.jar:/Users/u44992/.m2/repository/io/opentelemetry/opentelemetry-api/1.16.0/opentelemetry-api-1.16.0.jar:/Users/u44992/.m2/repository/io/opentelemetry/opentelemetry-context/1.16.0/opentelemetry-context-1.16.0.jar:/Users/u44992/.m2/repository/io/opentelemetry/opentelemetry-exporter-logging/1.16.0/opentelemetry-exporter-logging-1.16.0.jar:/Users/u44992/.m2/repository/io/opentelemetry/opentelemetry-sdk-metrics/1.16.0/opentelemetry-sdk-metrics-1.16.0.jar:/Users/u44992/.m2/repository/io/opentelemetry/opentelemetry-sdk-logs/1.16.0-alpha/opentelemetry-sdk-logs-1.16.0-alpha.jar:/Users/u44992/.m2/repository/io/opentelemetry/opentelemetry-sdk-common/1.16.0/opentelemetry-sdk-common-1.16.0.jar:/Users/u44992/.m2/repository/io/opentelemetry/opentelemetry-sdk-extension-autoconfigure-spi/1.16.0/opentelemetry-sdk-extension-autoconfigure-spi-1.16.0.jar:/Users/u44992/.m2/repository/io/opentelemetry/opentelemetry-sdk-extension-autoconfigure/1.16.0-alpha/opentelemetry-sdk-extension-autoconfigure-1.16.0-alpha.jar:/Users/u44992/.m2/repository/io/opentelemetry/opentelemetry-sdk-trace/1.16.0/opentelemetry-sdk-trace-1.16.0.jar:/Users/u44992/.m2/repository/io/opentelemetry/opentelemetry-sdk/1.16.0/opentelemetry-sdk-1.16.0.jar:/Users/u44992/.m2/repository/io/opentelemetry/opentelemetry-semconv/1.16.0-alpha/opentelemetry-semconv-1.16.0-alpha.jar:/Users/u44992/.m2/repository/io/ous/jtoml/2.0.0/jtoml-2.0.0.jar:/Users/u44992/.m2/repository/net/bytebuddy/byte-buddy/1.12.10/byte-buddy-1.12.10.jar:/Users/u44992/.m2/repository/org/apache/commons/commons-exec/1.3/commons-exec-1.3.jar:/Users/u44992/.m2/repository/org/asynchttpclient/async-http-client/2.12.3/async-http-client-2.12.3.jar:/Users/u44992/.m2/repository/org/asynchttpclient/async-http-client-netty-utils/2.12.3/async-http-client-netty-utils-2.12.3.jar:/Users/u44992/.m2/repository/io/netty/netty-codec-socks/4.1.60.Final/netty-codec-socks-4.1.60.Final.jar:/Users/u44992/.m2/repository/io/netty/netty-handler-proxy/4.1.60.Final/netty-handler-proxy-4.1.60.Final.jar:/Users/u44992/.m2/repository/io/netty/netty-transport-native-epoll/4.1.60.Final/netty-transport-native-epoll-4.1.60.Final-linux-x86_64.jar:/Users/u44992/.m2/repository/io/netty/netty-transport-native-kqueue/4.1.60.Final/netty-transport-native-kqueue-4.1.60.Final-osx-x86_64.jar:/Users/u44992/.m2/repository/com/typesafe/netty/netty-reactive-streams/2.0.4/netty-reactive-streams-2.0.4.jar:/Users/u44992/.m2/repository/com/sun/activation/jakarta.activation/1.2.2/jakarta.activation-1.2.2.jar:/Users/u44992/.m2/repository/org/seleniumhq/selenium/selenium-http/4.4.0/selenium-http-4.4.0.jar:/Users/u44992/.m2/repository/dev/failsafe/failsafe/3.2.4/failsafe-3.2.4.jar:/Users/u44992/.m2/repository/org/seleniumhq/selenium/selenium-safari-driver/4.4.0/selenium-safari-driver-4.4.0.jar:/Users/u44992/.m2/repository/org/seleniumhq/selenium/selenium-support/4.4.0/selenium-support-4.4.0.jar:/Users/u44992/.m2/repository/org/apache/poi/poi/5.2.2/poi-5.2.2.jar:/Users/u44992/.m2/repository/commons-codec/commons-codec/1.15/commons-codec-1.15.jar:/Users/u44992/.m2/repository/org/apache/commons/commons-collections4/4.4/commons-collections4-4.4.jar:/Users/u44992/.m2/repository/org/apache/commons/commons-math3/3.6.1/commons-math3-3.6.1.jar:/Users/u44992/.m2/repository/com/zaxxer/SparseBitSet/1.2/SparseBitSet-1.2.jar:/Users/u44992/.m2/repository/org/apache/logging/log4j/log4j-api/2.17.2/log4j-api-2.17.2.jar:/Users/u44992/.m2/repository/org/apache/poi/poi-ooxml/5.2.2/poi-ooxml-5.2.2.jar:/Users/u44992/.m2/repository/org/apache/poi/poi-ooxml-lite/5.2.2/poi-ooxml-lite-5.2.2.jar:/Users/u44992/.m2/repository/org/apache/xmlbeans/xmlbeans/5.0.3/xmlbeans-5.0.3.jar:/Users/u44992/.m2/repository/org/apache/commons/commons-compress/1.21/commons-compress-1.21.jar:/Users/u44992/.m2/repository/com/github/virtuald/curvesapi/1.07/curvesapi-1.07.jar:/Users/u44992/.m2/repository/org/apache/poi/poi-scratchpad/4.1.2/poi-scratchpad-4.1.2.jar:/Users/u44992/.m2/repository/org/projectlombok/lombok/1.18.22/lombok-1.18.22.jar:/Users/u44992/.m2/repository/commons-io/commons-io/2.11.0/commons-io-2.11.0.jar:/Users/u44992/.m2/repository/com/aventstack/extentreports/5.0.5/extentreports-5.0.5.jar:/Users/u44992/.m2/repository/io/reactivex/rxjava3/rxjava/3.0.4/rxjava-3.0.4.jar:/Users/u44992/.m2/repository/org/reactivestreams/reactive-streams/1.0.3/reactive-streams-1.0.3.jar:/Users/u44992/.m2/repository/org/freemarker/freemarker/2.3.30/freemarker-2.3.30.jar:/Users/u44992/.m2/repository/io/qameta/allure/allure-testng/2.13.8/allure-testng-2.13.8.jar:/Users/u44992/.m2/repository/io/qameta/allure/allure-java-commons/2.13.8/allure-java-commons-2.13.8.jar:/Users/u44992/.m2/repository/io/qameta/allure/allure-model/2.13.8/allure-model-2.13.8.jar:/Users/u44992/.m2/repository/com/fasterxml/jackson/core/jackson-databind/2.11.3/jackson-databind-2.11.3.jar:/Users/u44992/.m2/repository/com/fasterxml/jackson/core/jackson-annotations/2.11.3/jackson-annotations-2.11.3.jar:/Users/u44992/.m2/repository/com/fasterxml/jackson/core/jackson-core/2.11.3/jackson-core-2.11.3.jar:/Users/u44992/.m2/repository/org/apache/tika/tika-core/1.24.1/tika-core-1.24.1.jar:/Users/u44992/.m2/repository/org/jooq/joor-java-8/0.9.13/joor-java-8-0.9.13.jar:/Users/u44992/.m2/repository/org/libj/io/0.7.7/io-0.7.7.jar:/Users/u44992/.m2/repository/org/libj/util/0.8.1/util-0.8.1.jar:/Users/u44992/.m2/repository/javax/annotation/javax.annotation-api/1.3.2/javax.annotation-api-1.3.2.jar:/Users/u44992/.m2/repository/diff_match_patch/diff_match_patch/current/diff_match_patch-current.jar:/Users/u44992/.m2/repository/org/openjax/codegen/radixtree/0.2.5/radixtree-0.2.5.jar:/Users/u44992/.m2/repository/org/libj/lang/0.7.5/lang-0.7.5.jar:/Users/u44992/.m2/repository/org/libj/test/0.7.1/test-0.7.1.jar:/Users/u44992/.m2/repository/junit/junit/4.12/junit-4.12.jar:/Users/u44992/.m2/repository/org/hamcrest/hamcrest-core/1.3/hamcrest-core-1.3.jar:/Users/u44992/.m2/repository/org/openjax/xml/dom/0.9.4/dom-0.9.4.jar:/Users/u44992/.m2/repository/org/openjax/xml/schema/0.9.4/schema-0.9.4.jar:/Users/u44992/.m2/repository/org/openjax/xml/api/0.9.4/api-0.9.4.jar:/Users/u44992/.m2/repository/org/xmlunit/xmlunit-core/2.6.3/xmlunit-core-2.6.3.jar:/Users/u44992/.m2/repository/javax/xml/bind/jaxb-api/2.3.0/jaxb-api-2.3.0.jar:/Users/u44992/.m2/repository/ch/qos/logback/logback-classic/1.2.3/logback-classic-1.2.3.jar:/Users/u44992/.m2/repository/ch/qos/logback/logback-core/1.2.3/logback-core-1.2.3.jar:"/>
    <property name="java.vm.vendor" value="Oracle Corporation"/>
    <property name="sun.arch.data.model" value="64"/>
    <property name="java.vendor.url" value="https://java.oracle.com/"/>
    <property name="user.timezone" value="America/Santo_Domingo"/>
    <property name="os.name" value="Mac OS X"/>
    <property name="java.vm.specification.version" value="16"/>
    <property name="sun.java.launcher" value="SUN_STANDARD"/>
    <property name="user.country" value="US"/>
    <property name="sun.boot.library.path" value="/Users/u44992/Library/Java/JavaVirtualMachines/openjdk-16.0.2/Contents/Home/lib"/>
    <property name="sun.java.command" value="/Users/u44992/IdeaProjects/NextonChallenge/NextonChallenge/target/surefire/surefirebooter-20220915225016192_3.jar /Users/u44992/IdeaProjects/NextonChallenge/NextonChallenge/target/surefire 2022-09-15T22-50-15_874-jvmRun1 surefire-20220915225016192_1tmp surefire_0-20220915225016192_2tmp"/>
    <property name="jdk.debug" value="release"/>
    <property name="surefire.test.class.path" value="/Users/u44992/IdeaProjects/NextonChallenge/NextonChallenge/target/test-classes:/Users/u44992/IdeaProjects/NextonChallenge/NextonChallenge/target/classes:/Users/u44992/.m2/repository/org/testng/testng/7.1.0/testng-7.1.0.jar:/Users/u44992/.m2/repository/com/beust/jcommander/1.72/jcommander-1.72.jar:/Users/u44992/.m2/repository/com/google/inject/guice/4.1.0/guice-4.1.0-no_aop.jar:/Users/u44992/.m2/repository/javax/inject/javax.inject/1/javax.inject-1.jar:/Users/u44992/.m2/repository/aopalliance/aopalliance/1.0/aopalliance-1.0.jar:/Users/u44992/.m2/repository/org/yaml/snakeyaml/1.21/snakeyaml-1.21.jar:/Users/u44992/.m2/repository/io/github/bonigarcia/webdrivermanager/5.0.3/webdrivermanager-5.0.3.jar:/Users/u44992/.m2/repository/org/slf4j/slf4j-api/1.7.32/slf4j-api-1.7.32.jar:/Users/u44992/.m2/repository/com/google/code/gson/gson/2.8.8/gson-2.8.8.jar:/Users/u44992/.m2/repository/org/jsoup/jsoup/1.14.2/jsoup-1.14.2.jar:/Users/u44992/.m2/repository/com/github/docker-java/docker-java/3.2.12/docker-java-3.2.12.jar:/Users/u44992/.m2/repository/com/github/docker-java/docker-java-core/3.2.12/docker-java-core-3.2.12.jar:/Users/u44992/.m2/repository/com/github/docker-java/docker-java-api/3.2.12/docker-java-api-3.2.12.jar:/Users/u44992/.m2/repository/commons-lang/commons-lang/2.6/commons-lang-2.6.jar:/Users/u44992/.m2/repository/org/bouncycastle/bcpkix-jdk15on/1.64/bcpkix-jdk15on-1.64.jar:/Users/u44992/.m2/repository/org/bouncycastle/bcprov-jdk15on/1.64/bcprov-jdk15on-1.64.jar:/Users/u44992/.m2/repository/org/slf4j/jcl-over-slf4j/1.7.30/jcl-over-slf4j-1.7.30.jar:/Users/u44992/.m2/repository/com/github/docker-java/docker-java-transport-httpclient5/3.2.12/docker-java-transport-httpclient5-3.2.12.jar:/Users/u44992/.m2/repository/com/github/docker-java/docker-java-transport/3.2.12/docker-java-transport-3.2.12.jar:/Users/u44992/.m2/repository/org/apache/httpcomponents/client5/httpclient5/5.0.3/httpclient5-5.0.3.jar:/Users/u44992/.m2/repository/org/apache/httpcomponents/core5/httpcore5/5.0.2/httpcore5-5.0.2.jar:/Users/u44992/.m2/repository/net/java/dev/jna/jna/5.8.0/jna-5.8.0.jar:/Users/u44992/.m2/repository/org/brotli/dec/0.1.2/dec-0.1.2.jar:/Users/u44992/.m2/repository/com/google/guava/guava/31.0.1-jre/guava-31.0.1-jre.jar:/Users/u44992/.m2/repository/com/google/guava/failureaccess/1.0.1/failureaccess-1.0.1.jar:/Users/u44992/.m2/repository/com/google/guava/listenablefuture/9999.0-empty-to-avoid-conflict-with-guava/listenablefuture-9999.0-empty-to-avoid-conflict-with-guava.jar:/Users/u44992/.m2/repository/com/google/code/findbugs/jsr305/3.0.2/jsr305-3.0.2.jar:/Users/u44992/.m2/repository/org/checkerframework/checker-qual/3.12.0/checker-qual-3.12.0.jar:/Users/u44992/.m2/repository/com/google/errorprone/error_prone_annotations/2.7.1/error_prone_annotations-2.7.1.jar:/Users/u44992/.m2/repository/com/google/j2objc/j2objc-annotations/1.3/j2objc-annotations-1.3.jar:/Users/u44992/.m2/repository/org/seleniumhq/selenium/selenium-java/4.4.0/selenium-java-4.4.0.jar:/Users/u44992/.m2/repository/org/seleniumhq/selenium/selenium-api/4.4.0/selenium-api-4.4.0.jar:/Users/u44992/.m2/repository/org/seleniumhq/selenium/selenium-chrome-driver/4.4.0/selenium-chrome-driver-4.4.0.jar:/Users/u44992/.m2/repository/com/google/auto/service/auto-service-annotations/1.0.1/auto-service-annotations-1.0.1.jar:/Users/u44992/.m2/repository/com/google/auto/service/auto-service/1.0.1/auto-service-1.0.1.jar:/Users/u44992/.m2/repository/com/google/auto/auto-common/1.2/auto-common-1.2.jar:/Users/u44992/.m2/repository/org/seleniumhq/selenium/selenium-chromium-driver/4.4.0/selenium-chromium-driver-4.4.0.jar:/Users/u44992/.m2/repository/org/seleniumhq/selenium/selenium-json/4.4.0/selenium-json-4.4.0.jar:/Users/u44992/.m2/repository/org/seleniumhq/selenium/selenium-devtools-v102/4.4.0/selenium-devtools-v102-4.4.0.jar:/Users/u44992/.m2/repository/org/seleniumhq/selenium/selenium-devtools-v103/4.4.0/selenium-devtools-v103-4.4.0.jar:/Users/u44992/.m2/repository/org/seleniumhq/selenium/selenium-devtools-v104/4.4.0/selenium-devtools-v104-4.4.0.jar:/Users/u44992/.m2/repository/org/seleniumhq/selenium/selenium-devtools-v85/4.4.0/selenium-devtools-v85-4.4.0.jar:/Users/u44992/.m2/repository/org/seleniumhq/selenium/selenium-edge-driver/4.4.0/selenium-edge-driver-4.4.0.jar:/Users/u44992/.m2/repository/org/seleniumhq/selenium/selenium-firefox-driver/4.4.0/selenium-firefox-driver-4.4.0.jar:/Users/u44992/.m2/repository/org/seleniumhq/selenium/selenium-ie-driver/4.4.0/selenium-ie-driver-4.4.0.jar:/Users/u44992/.m2/repository/org/seleniumhq/selenium/selenium-opera-driver/4.4.0/selenium-opera-driver-4.4.0.jar:/Users/u44992/.m2/repository/org/seleniumhq/selenium/selenium-remote-driver/4.4.0/selenium-remote-driver-4.4.0.jar:/Users/u44992/.m2/repository/io/netty/netty-buffer/4.1.78.Final/netty-buffer-4.1.78.Final.jar:/Users/u44992/.m2/repository/io/netty/netty-codec-http/4.1.78.Final/netty-codec-http-4.1.78.Final.jar:/Users/u44992/.m2/repository/io/netty/netty-codec/4.1.78.Final/netty-codec-4.1.78.Final.jar:/Users/u44992/.m2/repository/io/netty/netty-handler/4.1.78.Final/netty-handler-4.1.78.Final.jar:/Users/u44992/.m2/repository/io/netty/netty-common/4.1.78.Final/netty-common-4.1.78.Final.jar:/Users/u44992/.m2/repository/io/netty/netty-transport-classes-epoll/4.1.78.Final/netty-transport-classes-epoll-4.1.78.Final.jar:/Users/u44992/.m2/repository/io/netty/netty-transport-classes-kqueue/4.1.78.Final/netty-transport-classes-kqueue-4.1.78.Final.jar:/Users/u44992/.m2/repository/io/netty/netty-transport-native-epoll/4.1.78.Final/netty-transport-native-epoll-4.1.78.Final.jar:/Users/u44992/.m2/repository/io/netty/netty-transport-native-kqueue/4.1.78.Final/netty-transport-native-kqueue-4.1.78.Final.jar:/Users/u44992/.m2/repository/io/netty/netty-transport-native-unix-common/4.1.78.Final/netty-transport-native-unix-common-4.1.78.Final.jar:/Users/u44992/.m2/repository/io/netty/netty-transport/4.1.78.Final/netty-transport-4.1.78.Final.jar:/Users/u44992/.m2/repository/io/netty/netty-resolver/4.1.78.Final/netty-resolver-4.1.78.Final.jar:/Users/u44992/.m2/repository/io/opentelemetry/opentelemetry-api/1.16.0/opentelemetry-api-1.16.0.jar:/Users/u44992/.m2/repository/io/opentelemetry/opentelemetry-context/1.16.0/opentelemetry-context-1.16.0.jar:/Users/u44992/.m2/repository/io/opentelemetry/opentelemetry-exporter-logging/1.16.0/opentelemetry-exporter-logging-1.16.0.jar:/Users/u44992/.m2/repository/io/opentelemetry/opentelemetry-sdk-metrics/1.16.0/opentelemetry-sdk-metrics-1.16.0.jar:/Users/u44992/.m2/repository/io/opentelemetry/opentelemetry-sdk-logs/1.16.0-alpha/opentelemetry-sdk-logs-1.16.0-alpha.jar:/Users/u44992/.m2/repository/io/opentelemetry/opentelemetry-sdk-common/1.16.0/opentelemetry-sdk-common-1.16.0.jar:/Users/u44992/.m2/repository/io/opentelemetry/opentelemetry-sdk-extension-autoconfigure-spi/1.16.0/opentelemetry-sdk-extension-autoconfigure-spi-1.16.0.jar:/Users/u44992/.m2/repository/io/opentelemetry/opentelemetry-sdk-extension-autoconfigure/1.16.0-alpha/opentelemetry-sdk-extension-autoconfigure-1.16.0-alpha.jar:/Users/u44992/.m2/repository/io/opentelemetry/opentelemetry-sdk-trace/1.16.0/opentelemetry-sdk-trace-1.16.0.jar:/Users/u44992/.m2/repository/io/opentelemetry/opentelemetry-sdk/1.16.0/opentelemetry-sdk-1.16.0.jar:/Users/u44992/.m2/repository/io/opentelemetry/opentelemetry-semconv/1.16.0-alpha/opentelemetry-semconv-1.16.0-alpha.jar:/Users/u44992/.m2/repository/io/ous/jtoml/2.0.0/jtoml-2.0.0.jar:/Users/u44992/.m2/repository/net/bytebuddy/byte-buddy/1.12.10/byte-buddy-1.12.10.jar:/Users/u44992/.m2/repository/org/apache/commons/commons-exec/1.3/commons-exec-1.3.jar:/Users/u44992/.m2/repository/org/asynchttpclient/async-http-client/2.12.3/async-http-client-2.12.3.jar:/Users/u44992/.m2/repository/org/asynchttpclient/async-http-client-netty-utils/2.12.3/async-http-client-netty-utils-2.12.3.jar:/Users/u44992/.m2/repository/io/netty/netty-codec-socks/4.1.60.Final/netty-codec-socks-4.1.60.Final.jar:/Users/u44992/.m2/repository/io/netty/netty-handler-proxy/4.1.60.Final/netty-handler-proxy-4.1.60.Final.jar:/Users/u44992/.m2/repository/io/netty/netty-transport-native-epoll/4.1.60.Final/netty-transport-native-epoll-4.1.60.Final-linux-x86_64.jar:/Users/u44992/.m2/repository/io/netty/netty-transport-native-kqueue/4.1.60.Final/netty-transport-native-kqueue-4.1.60.Final-osx-x86_64.jar:/Users/u44992/.m2/repository/com/typesafe/netty/netty-reactive-streams/2.0.4/netty-reactive-streams-2.0.4.jar:/Users/u44992/.m2/repository/com/sun/activation/jakarta.activation/1.2.2/jakarta.activation-1.2.2.jar:/Users/u44992/.m2/repository/org/seleniumhq/selenium/selenium-http/4.4.0/selenium-http-4.4.0.jar:/Users/u44992/.m2/repository/dev/failsafe/failsafe/3.2.4/failsafe-3.2.4.jar:/Users/u44992/.m2/repository/org/seleniumhq/selenium/selenium-safari-driver/4.4.0/selenium-safari-driver-4.4.0.jar:/Users/u44992/.m2/repository/org/seleniumhq/selenium/selenium-support/4.4.0/selenium-support-4.4.0.jar:/Users/u44992/.m2/repository/org/apache/poi/poi/5.2.2/poi-5.2.2.jar:/Users/u44992/.m2/repository/commons-codec/commons-codec/1.15/commons-codec-1.15.jar:/Users/u44992/.m2/repository/org/apache/commons/commons-collections4/4.4/commons-collections4-4.4.jar:/Users/u44992/.m2/repository/org/apache/commons/commons-math3/3.6.1/commons-math3-3.6.1.jar:/Users/u44992/.m2/repository/com/zaxxer/SparseBitSet/1.2/SparseBitSet-1.2.jar:/Users/u44992/.m2/repository/org/apache/logging/log4j/log4j-api/2.17.2/log4j-api-2.17.2.jar:/Users/u44992/.m2/repository/org/apache/poi/poi-ooxml/5.2.2/poi-ooxml-5.2.2.jar:/Users/u44992/.m2/repository/org/apache/poi/poi-ooxml-lite/5.2.2/poi-ooxml-lite-5.2.2.jar:/Users/u44992/.m2/repository/org/apache/xmlbeans/xmlbeans/5.0.3/xmlbeans-5.0.3.jar:/Users/u44992/.m2/repository/org/apache/commons/commons-compress/1.21/commons-compress-1.21.jar:/Users/u44992/.m2/repository/com/github/virtuald/curvesapi/1.07/curvesapi-1.07.jar:/Users/u44992/.m2/repository/org/apache/poi/poi-scratchpad/4.1.2/poi-scratchpad-4.1.2.jar:/Users/u44992/.m2/repository/org/projectlombok/lombok/1.18.22/lombok-1.18.22.jar:/Users/u44992/.m2/repository/commons-io/commons-io/2.11.0/commons-io-2.11.0.jar:/Users/u44992/.m2/repository/com/aventstack/extentreports/5.0.5/extentreports-5.0.5.jar:/Users/u44992/.m2/repository/io/reactivex/rxjava3/rxjava/3.0.4/rxjava-3.0.4.jar:/Users/u44992/.m2/repository/org/reactivestreams/reactive-streams/1.0.3/reactive-streams-1.0.3.jar:/Users/u44992/.m2/repository/org/freemarker/freemarker/2.3.30/freemarker-2.3.30.jar:/Users/u44992/.m2/repository/io/qameta/allure/allure-testng/2.13.8/allure-testng-2.13.8.jar:/Users/u44992/.m2/repository/io/qameta/allure/allure-java-commons/2.13.8/allure-java-commons-2.13.8.jar:/Users/u44992/.m2/repository/io/qameta/allure/allure-model/2.13.8/allure-model-2.13.8.jar:/Users/u44992/.m2/repository/com/fasterxml/jackson/core/jackson-databind/2.11.3/jackson-databind-2.11.3.jar:/Users/u44992/.m2/repository/com/fasterxml/jackson/core/jackson-annotations/2.11.3/jackson-annotations-2.11.3.jar:/Users/u44992/.m2/repository/com/fasterxml/jackson/core/jackson-core/2.11.3/jackson-core-2.11.3.jar:/Users/u44992/.m2/repository/org/apache/tika/tika-core/1.24.1/tika-core-1.24.1.jar:/Users/u44992/.m2/repository/org/jooq/joor-java-8/0.9.13/joor-java-8-0.9.13.jar:/Users/u44992/.m2/repository/org/libj/io/0.7.7/io-0.7.7.jar:/Users/u44992/.m2/repository/org/libj/util/0.8.1/util-0.8.1.jar:/Users/u44992/.m2/repository/javax/annotation/javax.annotation-api/1.3.2/javax.annotation-api-1.3.2.jar:/Users/u44992/.m2/repository/diff_match_patch/diff_match_patch/current/diff_match_patch-current.jar:/Users/u44992/.m2/repository/org/openjax/codegen/radixtree/0.2.5/radixtree-0.2.5.jar:/Users/u44992/.m2/repository/org/libj/lang/0.7.5/lang-0.7.5.jar:/Users/u44992/.m2/repository/org/libj/test/0.7.1/test-0.7.1.jar:/Users/u44992/.m2/repository/junit/junit/4.12/junit-4.12.jar:/Users/u44992/.m2/repository/org/hamcrest/hamcrest-core/1.3/hamcrest-core-1.3.jar:/Users/u44992/.m2/repository/org/openjax/xml/dom/0.9.4/dom-0.9.4.jar:/Users/u44992/.m2/repository/org/openjax/xml/schema/0.9.4/schema-0.9.4.jar:/Users/u44992/.m2/repository/org/openjax/xml/api/0.9.4/api-0.9.4.jar:/Users/u44992/.m2/repository/org/xmlunit/xmlunit-core/2.6.3/xmlunit-core-2.6.3.jar:/Users/u44992/.m2/repository/javax/xml/bind/jaxb-api/2.3.0/jaxb-api-2.3.0.jar:/Users/u44992/.m2/repository/ch/qos/logback/logback-classic/1.2.3/logback-classic-1.2.3.jar:/Users/u44992/.m2/repository/ch/qos/logback/logback-core/1.2.3/logback-core-1.2.3.jar:"/>
    <property name="sun.cpu.endian" value="little"/>
    <property name="user.home" value="/Users/u44992"/>
    <property name="user.language" value="en"/>
    <property name="java.specification.vendor" value="Oracle Corporation"/>
    <property name="java.version.date" value="2021-07-20"/>
    <property name="java.home" value="/Users/u44992/Library/Java/JavaVirtualMachines/openjdk-16.0.2/Contents/Home"/>
    <property name="file.separator" value="/"/>
    <property name="basedir" value="/Users/u44992/IdeaProjects/NextonChallenge/NextonChallenge"/>
    <property name="java.vm.compressedOopsMode" value="Zero based"/>
    <property name="line.separator" value="&#10;"/>
    <property name="java.vm.specification.vendor" value="Oracle Corporation"/>
    <property name="java.specification.name" value="Java Platform API Specification"/>
    <property name="surefire.real.class.path" value="/Users/u44992/IdeaProjects/NextonChallenge/NextonChallenge/target/surefire/surefirebooter-20220915225016192_3.jar"/>
    <property name="sun.management.compiler" value="HotSpot 64-Bit Tiered Compilers"/>
    <property name="java.runtime.version" value="16.0.2+7-67"/>
    <property name="user.name" value="u44992"/>
    <property name="path.separator" value=":"/>
    <property name="os.version" value="11.4"/>
    <property name="java.runtime.name" value="OpenJDK Runtime Environment"/>
    <property name="file.encoding" value="UTF-8"/>
    <property name="java.vm.name" value="OpenJDK 64-Bit Server VM"/>
    <property name="localRepository" value="/Users/u44992/.m2/repository"/>
    <property name="java.vendor.url.bug" value="https://bugreport.java.com/bugreport/"/>
    <property name="java.io.tmpdir" value="/var/folders/bv/96lcnhss4zn_1fc_fykt_29sgd4tdk/T/"/>
    <property name="java.version" value="16.0.2"/>
    <property name="user.dir" value="/Users/u44992/IdeaProjects/NextonChallenge/NextonChallenge"/>
    <property name="os.arch" value="x86_64"/>
    <property name="java.vm.specification.name" value="Java Virtual Machine Specification"/>
    <property name="java.library.path" value="/Users/u44992/Library/Java/Extensions:/Library/Java/Extensions:/Network/Library/Java/Extensions:/System/Library/Java/Extensions:/usr/lib/java:."/>
    <property name="java.vm.info" value="mixed mode, sharing"/>
    <property name="java.vendor" value="Oracle Corporation"/>
    <property name="java.vm.version" value="16.0.2+7-67"/>
    <property name="sun.io.unicode.encoding" value="UnicodeBig"/>
    <property name="java.class.version" value="60.0"/>
  </properties>
  <testcase name="changeAvatarScenario" classname="com.nexton.cloudapp.qa.test.TestDashboardPage" time="168.918">
    <system-out><![CDATA[/Users/u44992/IdeaProjects/NextonChallenge/NextonChallenge/src/test/java/com/nexton/cloudapp/qa/testResources/config.properties
/Users/u44992/IdeaProjects/NextonChallenge/NextonChallenge/src/test/java/com/nexton/cloudapp/qa/testResources/config.properties
/Users/u44992/IdeaProjects/NextonChallenge/NextonChallenge/src/test/java/com/nexton/cloudapp/qa/testResources/config.properties
Value: yes
Value: chrome
Using chromedriver 105.0.5195.52 (resolved driver for Chrome 105)
Exporting webdriver.chrome.driver as /Users/u44992/.cache/selenium/chromedriver/mac64/105.0.5195.52/chromedriver
Value: https://www.getcloudapp.com/
Password:  12345678@jJ
Value: yes
]]></system-out>
    <system-err><![CDATA[Starting ChromeDriver 105.0.5195.52 (412c95e518836d8a7d97250d62b29c2ae6a26a85-refs/branch-heads/5195@{#853}) on port 63312
Only local connections are allowed.
Please see https://chromedriver.chromium.org/security-considerations for suggestions on keeping ChromeDriver safe.
ChromeDriver was started successfully.
Sep 15, 2022 10:50:19 PM org.openqa.selenium.remote.ProtocolHandshake createSession
INFO: Detected upstream dialect: W3C
Sep 15, 2022 10:50:19 PM org.openqa.selenium.devtools.CdpVersionFinder findNearestMatch
WARNING: Unable to find an exact match for CDP version 105, so returning the closest version found: 104
Sep 15, 2022 10:50:19 PM org.openqa.selenium.devtools.CdpVersionFinder findNearestMatch
INFO: Found CDP implementation for version 105 of 104
ERROR StatusLogger Log4j2 could not find a logging implementation. Please add log4j-core to the classpath. Using SimpleLogger to log to the console...
]]></system-err>
  </testcase>
</testsuite>