<?xml version="1.0" encoding="UTF-8"?>
<!-- Generated by org.testng.reporters.JUnitReportReporter -->
<testsuite hostname="u44992-mac.local" failures="0" tests="2" name="com.nexton.cloudapp.qa.test.TestSignUpPage" time="173.923" errors="0" timestamp="2022-09-15T18:34:20 AST" skipped="0">
  <testcase classname="com.nexton.cloudapp.qa.test.TestSignUpPage" name="signUpScenario" time="13.711"/>
  <system-out/>
  <testcase classname="com.nexton.cloudapp.qa.test.TestSignUpPage" name="signUpSameEmailScenario" time="160.212"/>
  <system-out/>
</testsuite> <!-- com.nexton.cloudapp.qa.test.TestSignUpPage -->
