<?xml version="1.0" encoding="UTF-8"?>
<!-- Generated by org.testng.reporters.JUnitReportReporter -->
<testsuite hostname="u44992-mac.local" failures="0" tests="1" name="com.nexton.cloudapp.qa.test.TestDashboardPage" time="175.251" errors="0" timestamp="2022-09-15T22:53:13 AST" skipped="0">
  <testcase classname="com.nexton.cloudapp.qa.test.TestDashboardPage" name="changeAvatarScenario" time="175.251"/>
  <system-out/>
</testsuite> <!-- com.nexton.cloudapp.qa.test.TestDashboardPage -->
