<?xml version="1.0" encoding="UTF-8"?>
<!-- Generated by org.testng.reporters.JUnitReportReporter -->
<testsuite hostname="u44992-mac.local" failures="0" tests="2" name="com.nexton.cloudapp.qa.test.TestLoginPage" time="27.038" errors="0" timestamp="2022-09-15T19:37:51 AST" skipped="0">
  <testcase classname="com.nexton.cloudapp.qa.test.TestLoginPage" name="loginScenario" time="10.476"/>
  <system-out/>
  <testcase classname="com.nexton.cloudapp.qa.test.TestLoginPage" name="invalidLoginScenario" time="16.562"/>
  <system-out/>
</testsuite> <!-- com.nexton.cloudapp.qa.test.TestLoginPage -->
