<?xml version="1.0" encoding="UTF-8"?>
<!-- Generated by org.testng.reporters.JUnitReportReporter -->
<testsuite hostname="u44992-mac.local" failures="0" tests="1" name="com.nexton.cloudapp.qa.test.TestHomePage" time="14.078" errors="0" timestamp="2022-09-15T18:34:20 AST" skipped="0">
  <testcase classname="com.nexton.cloudapp.qa.test.TestHomePage" name="clickSignUp" time="14.078"/>
  <system-out/>
</testsuite> <!-- com.nexton.cloudapp.qa.test.TestHomePage -->
